\BOOKMARK [0][-]{section*.1}{\376\377\000D\000e\000c\000l\000a\000r\000a\000t\000i\000o\000n}{}% 1
\BOOKMARK [0][-]{section*.2}{\376\377\000A\000b\000s\000t\000r\000a\000c\000t}{}% 2
\BOOKMARK [0][-]{section*.3}{\376\377\000A\000c\000k\000n\000o\000w\000l\000e\000d\000g\000e\000m\000e\000n\000t\000s}{}% 3
\BOOKMARK [0][-]{chapter*.5}{\376\377\000L\000i\000s\000t\000\040\000o\000f\000\040\000F\000i\000g\000u\000r\000e\000s}{}% 4
\BOOKMARK [0][-]{chapter*.6}{\376\377\000L\000i\000s\000t\000\040\000o\000f\000\040\000T\000a\000b\000l\000e\000s}{}% 5
\BOOKMARK [0][-]{chapter.7}{\376\377\000I\000n\000t\000r\000o\000d\000u\000c\000t\000i\000o\000n}{}% 6
\BOOKMARK [1][-]{section.8}{\376\377\000L\000i\000t\000e\000r\000a\000t\000u\000r\000e\000\040\000r\000e\000v\000i\000e\000w}{chapter.7}% 7
\BOOKMARK [2][-]{subsection.9}{\376\377\000B\000a\000c\000k\000g\000r\000o\000u\000n\000d}{section.8}% 8
\BOOKMARK [3][-]{section*.11}{\376\377\000I\000m\000p\000o\000r\000t\000a\000n\000t\000\040\000i\000s\000s\000u\000e\000s\000\040\000i\000n\000\040\000c\000o\000m\000p\000a\000r\000a\000t\000i\000v\000e\000\040\000s\000i\000m\000u\000l\000a\000t\000i\000o\000n\000\040\000s\000t\000u\000d\000i\000e\000s}{subsection.9}% 9
\BOOKMARK [3][-]{section*.13}{\376\377\000A\000p\000p\000l\000i\000e\000d\000\040\000e\000x\000a\000m\000p\000l\000e\000s\000\040\000o\000f\000\040\000s\000i\000m\000u\000l\000a\000t\000i\000o\000n\000\040\000s\000t\000u\000d\000i\000e\000s}{subsection.9}% 10
\BOOKMARK [2][-]{subsection.14}{\376\377\000C\000o\000x\000'\000s\000\040\000P\000r\000o\000p\000o\000r\000t\000i\000o\000n\000a\000l\000\040\000H\000a\000z\000a\000r\000d\000s\000\040\000M\000o\000d\000e\000l}{section.8}% 11
\BOOKMARK [3][-]{section*.15}{\376\377\000T\000i\000m\000e\000-\000D\000e\000p\000e\000n\000d\000a\000n\000t\000\040\000C\000o\000v\000a\000r\000i\000a\000t\000e\000s}{subsection.14}% 12
\BOOKMARK [3][-]{section*.16}{\376\377\000D\000i\000s\000c\000r\000e\000t\000e\000\040\000v\000s\000\040\000C\000o\000n\000t\000i\000n\000u\000o\000u\000s\000\040\000M\000o\000d\000e\000l}{subsection.14}% 13
\BOOKMARK [3][-]{section*.17}{\376\377\000L\000i\000k\000e\000l\000i\000h\000o\000o\000d\000\040\000F\000u\000n\000c\000t\000i\000o\000n}{subsection.14}% 14
\BOOKMARK [2][-]{subsection.18}{\376\377\000L\000a\000s\000s\000o\000\040\000R\000e\000g\000u\000l\000a\000r\000i\000s\000a\000t\000i\000o\000n\000\040\000A\000n\000d\000\040\000V\000a\000r\000i\000a\000b\000l\000e\000\040\000S\000e\000l\000e\000c\000t\000i\000o\000n}{section.8}% 15
\BOOKMARK [2][-]{subsection.19}{\376\377\000R\000a\000n\000d\000o\000m\000\040\000S\000u\000r\000i\000v\000i\000v\000a\000l\000\040\000F\000o\000r\000e\000s\000t}{section.8}% 16
\BOOKMARK [2][-]{subsection.20}{\376\377\000M\000e\000t\000h\000o\000d\000s\000\040\000F\000o\000r\000\040\000D\000a\000t\000a\000\040\000G\000e\000n\000e\000r\000a\000t\000i\000n\000g\000\040\000M\000e\000c\000h\000a\000n\000i\000s\000m\000s\000\040\000F\000o\000r\000\040\000S\000i\000m\000u\000l\000a\000t\000i\000o\000n}{section.8}% 17
\BOOKMARK [2][-]{subsection.21}{\376\377\000M\000e\000t\000h\000o\000d\000s\000\040\000F\000o\000r\000\040\000M\000o\000d\000e\000l\000\040\000E\000x\000e\000c\000u\000t\000i\000o\000n\000\040\000A\000n\000d\000\040\000C\000o\000m\000p\000u\000t\000a\000t\000i\000o\000n}{section.8}% 18
\BOOKMARK [2][-]{subsection.22}{\376\377\000M\000e\000t\000h\000o\000d\000s\000\040\000F\000o\000r\000\040\000M\000o\000d\000e\000l\000\040\000E\000v\000a\000l\000u\000a\000t\000i\000o\000n\000\040\000A\000n\000d\000\040\000R\000e\000s\000u\000l\000t\000\040\000I\000n\000t\000e\000r\000p\000r\000e\000t\000a\000t\000i\000o\000n}{section.8}% 19
\BOOKMARK [1][-]{section.23}{\376\377\000P\000r\000o\000b\000l\000e\000m\000\040\000S\000t\000a\000t\000e\000m\000e\000n\000t}{chapter.7}% 20
\BOOKMARK [1][-]{section.24}{\376\377\000R\000e\000s\000e\000a\000r\000c\000h\000\040\000A\000i\000m\000s\000\040\000a\000n\000d\000\040\000O\000b\000j\000e\000c\000t\000i\000v\000e\000s}{chapter.7}% 21
\BOOKMARK [2][-]{subsection.25}{\376\377\000R\000e\000s\000e\000a\000r\000c\000h\000\040\000A\000i\000m\000s}{section.24}% 22
\BOOKMARK [2][-]{subsection.26}{\376\377\000O\000b\000j\000e\000c\000t\000i\000v\000e\000s}{section.24}% 23
\BOOKMARK [1][-]{section.34}{\376\377\000L\000i\000m\000i\000t\000a\000t\000i\000o\000n\000s}{chapter.7}% 24
\BOOKMARK [1][-]{section.35}{\376\377\000A\000s\000s\000u\000m\000p\000t\000i\000o\000n\000s\000\040\000a\000n\000d\000\040\000D\000e\000f\000i\000n\000i\000t\000i\000o\000n\000s}{chapter.7}% 25
\BOOKMARK [1][-]{section.36}{\376\377\000O\000v\000e\000r\000v\000i\000e\000w}{chapter.7}% 26
\BOOKMARK [0][-]{chapter.37}{\376\377\000R\000e\000s\000e\000a\000r\000c\000h\000\040\000M\000e\000t\000h\000o\000d\000o\000l\000o\000g\000y}{}% 27
\BOOKMARK [1][-]{section.38}{\376\377\000R\000e\000s\000e\000a\000r\000c\000h\000\040\000d\000e\000s\000i\000g\000n}{chapter.37}% 28
\BOOKMARK [1][-]{section.39}{\376\377\000M\000e\000t\000h\000o\000d\000s}{chapter.37}% 29
\BOOKMARK [1][-]{section.40}{\376\377\000L\000i\000m\000i\000t\000a\000t\000i\000o\000n\000s}{chapter.37}% 30
\BOOKMARK [1][-]{section.41}{\376\377\000E\000t\000h\000i\000c\000a\000l\000\040\000C\000o\000n\000s\000i\000d\000e\000r\000a\000t\000i\000o\000n\000s}{chapter.37}% 31
\BOOKMARK [0][-]{chapter.42}{\376\377\000S\000c\000h\000e\000d\000u\000l\000e\000\040\000o\000f\000\040\000W\000o\000r\000k}{}% 32
\BOOKMARK [1][-]{section.43}{\376\377\000S\000c\000h\000e\000d\000u\000l\000e\000\040\000o\000f\000\040\000W\000o\000r\000k}{chapter.42}% 33
\BOOKMARK [1][-]{section.44}{\376\377\000P\000o\000t\000e\000n\000t\000i\000a\000l\000\040\000D\000i\000f\000f\000i\000c\000u\000l\000t\000i\000e\000s}{chapter.42}% 34
\BOOKMARK [0][-]{chapter.45}{\376\377\000C\000o\000n\000c\000l\000u\000s\000i\000o\000n}{}% 35
\BOOKMARK [0][-]{appendix.46}{\376\377\000A\000p\000p\000e\000n\000d\000i\000x\000\040\000T\000i\000t\000l\000e}{}% 36
\BOOKMARK [1][-]{section.47}{\376\377\000M\000a\000i\000n\000\040\000S\000e\000c\000t\000i\000o\000n}{appendix.46}% 37
\BOOKMARK [0][-]{appendix.48}{\376\377\000U\000s\000i\000n\000g\000\040\000t\000h\000i\000s\000\040\000T\000e\000m\000p\000l\000a\000t\000e}{}% 38
\BOOKMARK [1][-]{section.49}{\376\377\000W\000h\000a\000t\000\040\000t\000h\000i\000s\000\040\000T\000e\000m\000p\000l\000a\000t\000e\000\040\000I\000n\000c\000l\000u\000d\000e\000s}{appendix.48}% 39
\BOOKMARK [2][-]{subsection.50}{\376\377\000F\000o\000l\000d\000e\000r\000s}{section.49}% 40
\BOOKMARK [2][-]{subsection.51}{\376\377\000F\000i\000l\000e\000s}{section.49}% 41
\BOOKMARK [1][-]{section.52}{\376\377\000F\000i\000l\000l\000i\000n\000g\000\040\000i\000n\000\040\000Y\000o\000u\000r\000\040\000I\000n\000f\000o\000r\000m\000a\000t\000i\000o\000n\000\040\000i\000n\000\040\000t\000h\000e\000\040\000m\000a\000i\000n\000.\000t\000e\000x\000\040\000F\000i\000l\000e}{appendix.48}% 42
\BOOKMARK [1][-]{section.53}{\376\377\000T\000h\000e\000s\000i\000s\000\040\000F\000e\000a\000t\000u\000r\000e\000s\000\040\000a\000n\000d\000\040\000C\000o\000n\000v\000e\000n\000t\000i\000o\000n\000s}{appendix.48}% 43
\BOOKMARK [2][-]{subsection.54}{\376\377\000R\000e\000f\000e\000r\000e\000n\000c\000e\000s}{section.53}% 44
\BOOKMARK [3][-]{section*.56}{\376\377\000A\000\040\000N\000o\000t\000e\000\040\000o\000n\000\040\000b\000i\000b\000t\000e\000x}{subsection.54}% 45
\BOOKMARK [2][-]{subsection.57}{\376\377\000T\000a\000b\000l\000e\000s}{section.53}% 46
\BOOKMARK [2][-]{subsection.59}{\376\377\000F\000i\000g\000u\000r\000e\000s}{section.53}% 47
\BOOKMARK [2][-]{subsection.61}{\376\377\000T\000y\000p\000e\000s\000e\000t\000t\000i\000n\000g\000\040\000m\000a\000t\000h\000e\000m\000a\000t\000i\000c\000s}{section.53}% 48
