\BOOKMARK [0][-]{section*.1}{\376\377\000D\000e\000c\000l\000a\000r\000a\000t\000i\000o\000n}{}% 1
\BOOKMARK [0][-]{section*.2}{\376\377\000A\000b\000s\000t\000r\000a\000c\000t}{}% 2
\BOOKMARK [0][-]{chapter*.4}{\376\377\000L\000i\000s\000t\000\040\000o\000f\000\040\000F\000i\000g\000u\000r\000e\000s}{}% 3
\BOOKMARK [0][-]{chapter*.5}{\376\377\000L\000i\000s\000t\000\040\000o\000f\000\040\000T\000a\000b\000l\000e\000s}{}% 4
\BOOKMARK [0][-]{chapter.6}{\376\377\000I\000n\000t\000r\000o\000d\000u\000c\000t\000i\000o\000n}{}% 5
\BOOKMARK [1][-]{section.7}{\376\377\000B\000a\000c\000k\000g\000r\000o\000u\000n\000d}{chapter.6}% 6
\BOOKMARK [1][-]{section.9}{\376\377\000P\000r\000o\000b\000l\000e\000m\000\040\000S\000t\000a\000t\000e\000m\000e\000n\000t}{chapter.6}% 7
\BOOKMARK [1][-]{section.10}{\376\377\000R\000e\000s\000e\000a\000r\000c\000h\000\040\000A\000i\000m\000s\000\040\000a\000n\000d\000\040\000O\000b\000j\000e\000c\000t\000i\000v\000e\000s}{chapter.6}% 8
\BOOKMARK [2][-]{subsection.11}{\376\377\000R\000e\000s\000e\000a\000r\000c\000h\000\040\000A\000i\000m\000s}{section.10}% 9
\BOOKMARK [2][-]{subsection.12}{\376\377\000O\000b\000j\000e\000c\000t\000i\000v\000e\000s}{section.10}% 10
\BOOKMARK [1][-]{section.20}{\376\377\000L\000i\000m\000i\000t\000a\000t\000i\000o\000n\000s}{chapter.6}% 11
\BOOKMARK [1][-]{section.23}{\376\377\000O\000v\000e\000r\000v\000i\000e\000w}{chapter.6}% 12
\BOOKMARK [0][-]{chapter.24}{\376\377\000L\000i\000t\000e\000r\000a\000t\000u\000r\000e\000\040\000r\000e\000v\000i\000e\000w}{}% 13
\BOOKMARK [1][-]{section.25}{\376\377\000I\000m\000p\000o\000r\000t\000a\000n\000t\000\040\000i\000s\000s\000u\000e\000s\000\040\000i\000n\000\040\000c\000o\000m\000p\000a\000r\000a\000t\000i\000v\000e\000\040\000s\000i\000m\000u\000l\000a\000t\000i\000o\000n\000\040\000s\000t\000u\000d\000i\000e\000s}{chapter.24}% 14
\BOOKMARK [2][-]{subsection.26}{\376\377\000A\000p\000p\000l\000i\000e\000d\000\040\000e\000x\000a\000m\000p\000l\000e\000s\000\040\000o\000f\000\040\000s\000i\000m\000u\000l\000a\000t\000i\000o\000n\000\040\000s\000t\000u\000d\000i\000e\000s}{section.25}% 15
\BOOKMARK [1][-]{section.27}{\376\377\000M\000o\000d\000e\000l\000s}{chapter.24}% 16
\BOOKMARK [2][-]{subsection.28}{\376\377\000C\000o\000x\000'\000s\000\040\000P\000r\000o\000p\000o\000r\000t\000i\000o\000n\000a\000l\000\040\000H\000a\000z\000a\000r\000d\000s\000\040\000M\000o\000d\000e\000l}{section.27}% 17
\BOOKMARK [2][-]{subsection.30}{\376\377\000L\000a\000s\000s\000o\000\040\000R\000e\000g\000u\000l\000a\000r\000i\000s\000a\000t\000i\000o\000n\000\040\000F\000o\000r\000\040\000V\000a\000r\000i\000a\000b\000l\000e\000\040\000S\000e\000l\000e\000c\000t\000i\000o\000n\000\040}{section.27}% 18
\BOOKMARK [2][-]{subsection.35}{\376\377\000R\000a\000n\000d\000o\000m\000\040\000S\000u\000r\000v\000i\000v\000a\000l\000\040\000F\000o\000r\000e\000s\000t}{section.27}% 19
\BOOKMARK [1][-]{section.37}{\376\377\000D\000a\000t\000a\000\040\000G\000e\000n\000e\000r\000a\000t\000i\000n\000g\000\040\000M\000e\000c\000h\000a\000n\000i\000s\000m\000s\000\040\000F\000o\000r\000\040\000S\000i\000m\000u\000l\000a\000t\000i\000o\000n}{chapter.24}% 20
\BOOKMARK [2][-]{subsection.38}{\376\377\000D\000a\000t\000a\000\040\000S\000i\000m\000u\000l\000a\000t\000i\000o\000n\000\040\000M\000e\000t\000h\000o\000d\000s}{section.37}% 21
\BOOKMARK [2][-]{subsection.40}{\376\377\000D\000a\000t\000a\000\040\000I\000m\000p\000u\000t\000a\000t\000i\000o\000n\000\040\000M\000e\000t\000h\000o\000d\000s}{section.37}% 22
\BOOKMARK [2][-]{subsection.41}{\376\377\000S\000y\000n\000t\000h\000e\000t\000i\000c\000\040\000D\000a\000t\000a\000\040\000G\000e\000n\000e\000r\000a\000t\000i\000o\000n\000\040\000M\000e\000t\000h\000o\000d\000s}{section.37}% 23
\BOOKMARK [2][-]{subsection.43}{\376\377\000S\000i\000m\000u\000l\000a\000t\000i\000o\000n\000\040\000f\000o\000r\000\040\000c\000o\000m\000p\000e\000t\000i\000n\000g\000\040\000r\000i\000s\000k\000s\000\040\000a\000n\000d\000\040\000c\000l\000u\000s\000t\000e\000r\000i\000n\000g}{section.37}% 24
\BOOKMARK [1][-]{section.45}{\376\377\000M\000o\000d\000e\000l\000\040\000E\000v\000a\000l\000u\000a\000t\000i\000o\000n\000\040\000A\000n\000d\000\040\000R\000e\000s\000u\000l\000t\000\040\000I\000n\000t\000e\000r\000p\000r\000e\000t\000a\000t\000i\000o\000n}{chapter.24}% 25
\BOOKMARK [2][-]{subsection.46}{\376\377\000C\000-\000I\000n\000d\000e\000x}{section.45}% 26
\BOOKMARK [2][-]{subsection.47}{\376\377\000B\000r\000i\000e\000r\000\040\000S\000c\000o\000r\000e\000\040\000a\000n\000d\000\040\000I\000n\000t\000e\000g\000r\000a\000t\000e\000d\000\040\000B\000r\000i\000e\000r\000\040\000S\000c\000o\000r\000e}{section.45}% 27
\BOOKMARK [2][-]{subsection.48}{\376\377\000H\000o\000s\000m\000e\000r\000-\000L\000e\000m\000e\000s\000h\000o\000w\000\040\000C\000a\000l\000i\000b\000r\000a\000t\000i\000o\000n\000\040\000\050\0001\000-\000C\000a\000l\000i\000b\000r\000a\000t\000i\000o\000n\000\051}{section.45}% 28
\BOOKMARK [2][-]{subsection.49}{\376\377\000D\000-\000C\000a\000l\000i\000b\000r\000a\000t\000i\000o\000n}{section.45}% 29
\BOOKMARK [2][-]{subsection.50}{\376\377\000S\000c\000o\000r\000i\000n\000g\000\040\000T\000h\000e\000o\000r\000y}{section.45}% 30
\BOOKMARK [0][-]{chapter.53}{\376\377\000R\000e\000s\000e\000a\000r\000c\000h\000\040\000M\000e\000t\000h\000o\000d\000o\000l\000o\000g\000y}{}% 31
\BOOKMARK [1][-]{section.54}{\376\377\000R\000e\000s\000e\000a\000r\000c\000h\000\040\000d\000e\000s\000i\000g\000n}{chapter.53}% 32
\BOOKMARK [2][-]{subsection.56}{\376\377\000A\000i\000m\000s}{section.54}% 33
\BOOKMARK [2][-]{subsection.57}{\376\377\000D\000a\000t\000a\000-\000g\000e\000n\000e\000r\000a\000t\000i\000n\000g\000\040\000m\000e\000c\000h\000a\000n\000i\000s\000m\000s}{section.54}% 34
\BOOKMARK [2][-]{subsection.70}{\376\377\000M\000e\000t\000h\000o\000d\000s}{section.54}% 35
\BOOKMARK [2][-]{subsection.81}{\376\377\000E\000s\000t\000i\000m\000a\000n\000d\000s}{section.54}% 36
\BOOKMARK [2][-]{subsection.89}{\376\377\000P\000e\000r\000f\000o\000r\000m\000a\000n\000c\000e\000\040\000m\000e\000a\000s\000u\000r\000e\000s}{section.54}% 37
\BOOKMARK [1][-]{section.106}{\376\377\000D\000a\000t\000a}{chapter.53}% 38
\BOOKMARK [2][-]{subsection.107}{\376\377\000D\000a\000t\000a\000\040\000A\000p\000p\000l\000i\000c\000a\000t\000i\000o\000n\000\040\000a\000n\000d\000\040\000M\000o\000d\000e\000l\000i\000n\000g}{section.106}% 39
\BOOKMARK [2][-]{subsection.108}{\376\377\000S\000i\000m\000u\000l\000a\000t\000i\000o\000n}{section.106}% 40
\BOOKMARK [1][-]{section.109}{\376\377\000M\000e\000t\000h\000o\000d\000s}{chapter.53}% 41
\BOOKMARK [2][-]{subsection.110}{\376\377\000E\000x\000p\000l\000o\000r\000a\000t\000o\000r\000y\000\040\000A\000n\000a\000l\000y\000s\000i\000s}{section.109}% 42
\BOOKMARK [2][-]{subsection.111}{\376\377\000D\000a\000t\000a\000\040\000P\000r\000o\000c\000e\000s\000s\000i\000n\000g\000\040\000a\000n\000d\000\040\000S\000i\000m\000u\000l\000a\000t\000i\000o\000n}{section.109}% 43
\BOOKMARK [2][-]{subsection.112}{\376\377\000S\000u\000r\000v\000i\000v\000a\000l\000\040\000A\000n\000a\000l\000y\000s\000i\000s\000:\000\040\000M\000o\000d\000e\000l\000\040\000A\000p\000p\000l\000i\000c\000a\000t\000i\000o\000n\000\040\000a\000n\000d\000\040\000E\000v\000a\000l\000u\000a\000t\000i\000o\000n}{section.109}% 44
\BOOKMARK [2][-]{subsection.113}{\376\377\000R\000e\000s\000e\000a\000r\000c\000h\000\040\000P\000r\000a\000c\000t\000i\000c\000e\000\040\000E\000v\000a\000l\000u\000a\000t\000i\000o\000n}{section.109}% 45
\BOOKMARK [1][-]{section.116}{\376\377\000L\000i\000m\000i\000t\000a\000t\000i\000o\000n\000s}{chapter.53}% 46
\BOOKMARK [1][-]{section.117}{\376\377\000E\000t\000h\000i\000c\000a\000l\000\040\000C\000o\000n\000s\000i\000d\000e\000r\000a\000t\000i\000o\000n\000s}{chapter.53}% 47
\BOOKMARK [0][-]{chapter.118}{\376\377\000R\000e\000s\000u\000l\000t\000s\000\040\000A\000n\000d\000\040\000D\000i\000s\000c\000u\000s\000s\000i\000o\000n}{}% 48
\BOOKMARK [1][-]{section.119}{\376\377\000C\000a\000s\000e\000\040\000S\000t\000u\000d\000y\000\040\000R\000e\000s\000u\000l\000t\000s}{chapter.118}% 49
\BOOKMARK [1][-]{section.120}{\376\377\000F\000u\000l\000l\000\040\000P\000i\000p\000e\000l\000i\000n\000e\000\040\000O\000u\000t\000p\000u\000t\000s\000\040\000a\000n\000d\000\040\000R\000e\000s\000u\000l\000t\000s}{chapter.118}% 50
\BOOKMARK [1][-]{section.121}{\376\377\000R\000e\000s\000e\000a\000r\000c\000h\000\040\000P\000r\000a\000c\000t\000i\000c\000e\000\040\000A\000n\000a\000l\000y\000s\000i\000s\000\040\000R\000e\000s\000u\000l\000t\000s}{chapter.118}% 51
\BOOKMARK [0][-]{chapter.122}{\376\377\000C\000o\000n\000c\000l\000u\000s\000i\000o\000n}{}% 52
\BOOKMARK [0][-]{chapter*.123}{\376\377\000B\000i\000b\000l\000i\000o\000g\000r\000a\000p\000h\000y}{}% 53
